<?xml version="1.0" encoding="UTF-8"?>
<beans xmlns="http://www.springframework.org/schema/beans"
       xmlns:xsi="http://www.w3.org/2001/XMLSchema-instance"
       xsi:schemaLocation="http://www.springframework.org/schema/beans
    http://www.springframework.org/schema/beans/spring-beans.xsd">

<!--    <bean id="sessionImpl" class="io.factorialsystems.msscprovider.recharge.ekedp.SessionImpl" />-->
<!--    <bean id="serviceImpl" class="io.factorialsystems.msscprovider.recharge.ekedp.ServicesImpl" />-->
<!--    <bean id="properties" class="io.factorialsystems.msscprovider.recharge.ekedp.EKEDProperties" />-->
<!--    <bean id="soapConfig" class="io.factorialsystems.msscprovider.config.SoapConfig" />-->
</beans>